{
  "stats": {
    "suites": 1,
    "tests": 2,
    "passes": 2,
    "pending": 0,
    "failures": 0,
    "start": "2025-08-07T14:09:43.418Z",
    "end": "2025-08-07T14:09:47.811Z",
    "duration": 4393,
    "testsRegistered": 2,
    "passPercent": 100,
    "pendingPercent": 0,
    "other": 0,
    "hasOther": false,
    "skipped": 0,
    "hasSkipped": false
  },
  "results": [
    {
      "uuid": "e846dfb6-0963-4ef0-9785-59277b22aa0e",
      "title": "",
      "fullFile": "cypress\\e2e\\features\\cadastro.feature",
      "file": "cypress\\e2e\\features\\cadastro.feature",
      "beforeHooks": [],
      "afterHooks": [],
      "tests": [],
      "suites": [
        {
          "uuid": "bb5fc092-cd7a-46b1-9954-0ebbdb3c4077",
          "title": "Cadastro",
          "fullFile": "",
          "file": "",
          "beforeHooks": [],
          "afterHooks": [],
          "tests": [
            {
              "title": "Cadastrar usuario com e-mail invalido",
              "fullTitle": "Cadastro Cadastrar usuario com e-mail invalido",
              "timedOut": null,
              "duration": 2646,
              "state": "passed",
              "speed": "fast",
              "pass": true,
              "fail": false,
              "pending": false,
              "context": null,
              "code": "const state = window.testState;\nreturn cy\n  .then(() => state.onStartScenario(scenario, indexedSteps))\n  .then(() =>\n    resolveAndRunBeforeHooks.call(this, scenario.tags, state.feature.name)\n  )\n  .then(() =>\n    indexedSteps.forEach((step) =>\n      stepTest.call(this, state, step, rowData)\n    )\n  )\n  .then(() => state.onFinishScenario(scenario));",
              "err": {},
              "uuid": "2938a705-996f-43c8-abd2-b27377180f72",
              "parentUUID": "bb5fc092-cd7a-46b1-9954-0ebbdb3c4077",
              "isHook": false,
              "skipped": false
            },
            {
              "title": "Cadastrar usuario com e-mail válido",
              "fullTitle": "Cadastro Cadastrar usuario com e-mail válido",
              "timedOut": null,
              "duration": 1694,
              "state": "passed",
              "speed": "fast",
              "pass": true,
              "fail": false,
              "pending": false,
              "context": null,
              "code": "const state = window.testState;\nreturn cy\n  .then(() => state.onStartScenario(scenario, indexedSteps))\n  .then(() =>\n    resolveAndRunBeforeHooks.call(this, scenario.tags, state.feature.name)\n  )\n  .then(() =>\n    indexedSteps.forEach((step) =>\n      stepTest.call(this, state, step, rowData)\n    )\n  )\n  .then(() => state.onFinishScenario(scenario));",
              "err": {},
              "uuid": "af376187-83fc-4798-9f86-2743d635ba70",
              "parentUUID": "bb5fc092-cd7a-46b1-9954-0ebbdb3c4077",
              "isHook": false,
              "skipped": false
            }
          ],
          "suites": [],
          "passes": [
            "2938a705-996f-43c8-abd2-b27377180f72",
            "af376187-83fc-4798-9f86-2743d635ba70"
          ],
          "failures": [],
          "pending": [],
          "skipped": [],
          "duration": 4340,
          "root": false,
          "rootEmpty": false,
          "_timeout": 2000
        }
      ],
      "passes": [],
      "failures": [],
      "pending": [],
      "skipped": [],
      "duration": 0,
      "root": true,
      "rootEmpty": true,
      "_timeout": 2000
    }
  ],
  "meta": {
    "mocha": {
      "version": "7.2.0"
    },
    "mochawesome": {
      "options": {
        "quiet": false,
        "reportFilename": "mochawesome",
        "saveHtml": false,
        "saveJson": true,
        "consoleReporter": "spec",
        "useInlineDiffs": false,
        "code": true
      },
      "version": "7.1.3"
    },
    "marge": {
      "options": {
        "reportDir": "cypress/results",
        "overwrite": false,
        "html": false,
        "json": true
      },
      "version": "6.2.0"
    }
  }
}