{
  "stats": {
    "suites": 1,
    "tests": 5,
    "passes": 5,
    "pending": 0,
    "failures": 0,
    "start": "2025-08-07T14:09:56.187Z",
    "end": "2025-08-07T14:10:20.221Z",
    "duration": 24034,
    "testsRegistered": 5,
    "passPercent": 100,
    "pendingPercent": 0,
    "other": 0,
    "hasOther": false,
    "skipped": 0,
    "hasSkipped": false
  },
  "results": [
    {
      "uuid": "30b0bcc4-d507-4560-86f1-8fbd43f38470",
      "title": "",
      "fullFile": "cypress\\e2e\\features\\saldo.feature",
      "file": "cypress\\e2e\\features\\saldo.feature",
      "beforeHooks": [],
      "afterHooks": [],
      "tests": [],
      "suites": [
        {
          "uuid": "a67e83c8-37e7-4df2-927f-cb583d52dd82",
          "title": "Saldo",
          "fullFile": "",
          "file": "",
          "beforeHooks": [],
          "afterHooks": [],
          "tests": [
            {
              "title": "Transferência de valores entre contas",
              "fullTitle": "Saldo Transferência de valores entre contas",
              "timedOut": null,
              "duration": 6306,
              "state": "passed",
              "speed": "medium",
              "pass": true,
              "fail": false,
              "pending": false,
              "context": null,
              "code": "const state = window.testState;\nreturn cy\n  .then(() => state.onStartScenario(scenario, indexedSteps))\n  .then(() =>\n    resolveAndRunBeforeHooks.call(this, scenario.tags, state.feature.name)\n  )\n  .then(() =>\n    indexedSteps.forEach((step) =>\n      stepTest.call(this, state, step, rowData)\n    )\n  )\n  .then(() => state.onFinishScenario(scenario));",
              "err": {},
              "uuid": "adf8141f-f0bf-40d0-84b3-01423fa43ddd",
              "parentUUID": "a67e83c8-37e7-4df2-927f-cb583d52dd82",
              "isHook": false,
              "skipped": false
            },
            {
              "title": "Saque de valores maiores que o saldo disponível",
              "fullTitle": "Saldo Saque de valores maiores que o saldo disponível",
              "timedOut": null,
              "duration": 3243,
              "state": "passed",
              "speed": "fast",
              "pass": true,
              "fail": false,
              "pending": false,
              "context": null,
              "code": "const state = window.testState;\nreturn cy\n  .then(() => state.onStartScenario(scenario, indexedSteps))\n  .then(() =>\n    resolveAndRunBeforeHooks.call(this, scenario.tags, state.feature.name)\n  )\n  .then(() =>\n    indexedSteps.forEach((step) =>\n      stepTest.call(this, state, step, rowData)\n    )\n  )\n  .then(() => state.onFinishScenario(scenario));",
              "err": {},
              "uuid": "ae89621e-f818-4458-bdb0-5d9dda3912f5",
              "parentUUID": "a67e83c8-37e7-4df2-927f-cb583d52dd82",
              "isHook": false,
              "skipped": false
            },
            {
              "title": "Transferência para uma conta inexistente",
              "fullTitle": "Saldo Transferência para uma conta inexistente",
              "timedOut": null,
              "duration": 3878,
              "state": "passed",
              "speed": "fast",
              "pass": true,
              "fail": false,
              "pending": false,
              "context": null,
              "code": "const state = window.testState;\nreturn cy\n  .then(() => state.onStartScenario(scenario, indexedSteps))\n  .then(() =>\n    resolveAndRunBeforeHooks.call(this, scenario.tags, state.feature.name)\n  )\n  .then(() =>\n    indexedSteps.forEach((step) =>\n      stepTest.call(this, state, step, rowData)\n    )\n  )\n  .then(() => state.onFinishScenario(scenario));",
              "err": {},
              "uuid": "72d930c5-c1f9-46a8-b5f4-c9323a93f994",
              "parentUUID": "a67e83c8-37e7-4df2-927f-cb583d52dd82",
              "isHook": false,
              "skipped": false
            },
            {
              "title": "Tentativa de saque sem saldo suficiente e verificação da mensagem de erro",
              "fullTitle": "Saldo Tentativa de saque sem saldo suficiente e verificação da mensagem de erro",
              "timedOut": null,
              "duration": 3955,
              "state": "passed",
              "speed": "fast",
              "pass": true,
              "fail": false,
              "pending": false,
              "context": null,
              "code": "const state = window.testState;\nreturn cy\n  .then(() => state.onStartScenario(scenario, indexedSteps))\n  .then(() =>\n    resolveAndRunBeforeHooks.call(this, scenario.tags, state.feature.name)\n  )\n  .then(() =>\n    indexedSteps.forEach((step) =>\n      stepTest.call(this, state, step, rowData)\n    )\n  )\n  .then(() => state.onFinishScenario(scenario));",
              "err": {},
              "uuid": "84d18c0c-d0b4-4d14-82aa-5cf06f788b64",
              "parentUUID": "a67e83c8-37e7-4df2-927f-cb583d52dd82",
              "isHook": false,
              "skipped": false
            },
            {
              "title": "Verificação de saldo após transações",
              "fullTitle": "Saldo Verificação de saldo após transações",
              "timedOut": null,
              "duration": 6536,
              "state": "passed",
              "speed": "medium",
              "pass": true,
              "fail": false,
              "pending": false,
              "context": null,
              "code": "const state = window.testState;\nreturn cy\n  .then(() => state.onStartScenario(scenario, indexedSteps))\n  .then(() =>\n    resolveAndRunBeforeHooks.call(this, scenario.tags, state.feature.name)\n  )\n  .then(() =>\n    indexedSteps.forEach((step) =>\n      stepTest.call(this, state, step, rowData)\n    )\n  )\n  .then(() => state.onFinishScenario(scenario));",
              "err": {},
              "uuid": "10502cce-55c5-4bdc-9853-f744fe50b0ce",
              "parentUUID": "a67e83c8-37e7-4df2-927f-cb583d52dd82",
              "isHook": false,
              "skipped": false
            }
          ],
          "suites": [],
          "passes": [
            "adf8141f-f0bf-40d0-84b3-01423fa43ddd",
            "ae89621e-f818-4458-bdb0-5d9dda3912f5",
            "72d930c5-c1f9-46a8-b5f4-c9323a93f994",
            "84d18c0c-d0b4-4d14-82aa-5cf06f788b64",
            "10502cce-55c5-4bdc-9853-f744fe50b0ce"
          ],
          "failures": [],
          "pending": [],
          "skipped": [],
          "duration": 23918,
          "root": false,
          "rootEmpty": false,
          "_timeout": 2000
        }
      ],
      "passes": [],
      "failures": [],
      "pending": [],
      "skipped": [],
      "duration": 0,
      "root": true,
      "rootEmpty": true,
      "_timeout": 2000
    }
  ],
  "meta": {
    "mocha": {
      "version": "7.2.0"
    },
    "mochawesome": {
      "options": {
        "quiet": false,
        "reportFilename": "mochawesome",
        "saveHtml": false,
        "saveJson": true,
        "consoleReporter": "spec",
        "useInlineDiffs": false,
        "code": true
      },
      "version": "7.1.3"
    },
    "marge": {
      "options": {
        "reportDir": "cypress/results",
        "overwrite": false,
        "html": false,
        "json": true
      },
      "version": "6.2.0"
    }
  }
}