{
  "stats": {
    "suites": 1,
    "tests": 3,
    "passes": 3,
    "pending": 0,
    "failures": 0,
    "start": "2025-08-07T17:08:51.938Z",
    "end": "2025-08-07T17:08:58.110Z",
    "duration": 6172,
    "testsRegistered": 3,
    "passPercent": 100,
    "pendingPercent": 0,
    "other": 0,
    "hasOther": false,
    "skipped": 0,
    "hasSkipped": false
  },
  "results": [
    {
      "uuid": "13ca74b6-0b9e-4207-a94f-55ba8ad2bfb6",
      "title": "",
      "fullFile": "cypress\\e2e\\features\\login.feature",
      "file": "cypress\\e2e\\features\\login.feature",
      "beforeHooks": [],
      "afterHooks": [],
      "tests": [],
      "suites": [
        {
          "uuid": "e19705b2-a494-42e9-9e02-5efaf82e1af5",
          "title": "Login",
          "fullFile": "",
          "file": "",
          "beforeHooks": [],
          "afterHooks": [],
          "tests": [
            {
              "title": "Logar com e-mail invalido",
              "fullTitle": "Login Logar com e-mail invalido",
              "timedOut": null,
              "duration": 1244,
              "state": "passed",
              "speed": "fast",
              "pass": true,
              "fail": false,
              "pending": false,
              "context": null,
              "code": "const state = window.testState;\nreturn cy\n  .then(() => state.onStartScenario(scenario, indexedSteps))\n  .then(() =>\n    resolveAndRunBeforeHooks.call(this, scenario.tags, state.feature.name)\n  )\n  .then(() =>\n    indexedSteps.forEach((step) =>\n      stepTest.call(this, state, step, rowData)\n    )\n  )\n  .then(() => state.onFinishScenario(scenario));",
              "err": {},
              "uuid": "49fe83b3-ccda-422c-aeaa-9de340b2433c",
              "parentUUID": "e19705b2-a494-42e9-9e02-5efaf82e1af5",
              "isHook": false,
              "skipped": false
            },
            {
              "title": "Logar com e-mail/senha nao cadastrados",
              "fullTitle": "Login Logar com e-mail/senha nao cadastrados",
              "timedOut": null,
              "duration": 1514,
              "state": "passed",
              "speed": "fast",
              "pass": true,
              "fail": false,
              "pending": false,
              "context": null,
              "code": "const state = window.testState;\nreturn cy\n  .then(() => state.onStartScenario(scenario, indexedSteps))\n  .then(() =>\n    resolveAndRunBeforeHooks.call(this, scenario.tags, state.feature.name)\n  )\n  .then(() =>\n    indexedSteps.forEach((step) =>\n      stepTest.call(this, state, step, rowData)\n    )\n  )\n  .then(() => state.onFinishScenario(scenario));",
              "err": {},
              "uuid": "2a8b0eda-3253-4f3c-aab5-a9a30485d5cb",
              "parentUUID": "e19705b2-a494-42e9-9e02-5efaf82e1af5",
              "isHook": false,
              "skipped": false
            },
            {
              "title": "Logar com e-mail valido",
              "fullTitle": "Login Logar com e-mail valido",
              "timedOut": null,
              "duration": 3352,
              "state": "passed",
              "speed": "fast",
              "pass": true,
              "fail": false,
              "pending": false,
              "context": null,
              "code": "const state = window.testState;\nreturn cy\n  .then(() => state.onStartScenario(scenario, indexedSteps))\n  .then(() =>\n    resolveAndRunBeforeHooks.call(this, scenario.tags, state.feature.name)\n  )\n  .then(() =>\n    indexedSteps.forEach((step) =>\n      stepTest.call(this, state, step, rowData)\n    )\n  )\n  .then(() => state.onFinishScenario(scenario));",
              "err": {},
              "uuid": "a6c8136f-2731-4d9a-b386-b0700c707ffa",
              "parentUUID": "e19705b2-a494-42e9-9e02-5efaf82e1af5",
              "isHook": false,
              "skipped": false
            }
          ],
          "suites": [],
          "passes": [
            "49fe83b3-ccda-422c-aeaa-9de340b2433c",
            "2a8b0eda-3253-4f3c-aab5-a9a30485d5cb",
            "a6c8136f-2731-4d9a-b386-b0700c707ffa"
          ],
          "failures": [],
          "pending": [],
          "skipped": [],
          "duration": 6110,
          "root": false,
          "rootEmpty": false,
          "_timeout": 2000
        }
      ],
      "passes": [],
      "failures": [],
      "pending": [],
      "skipped": [],
      "duration": 0,
      "root": true,
      "rootEmpty": true,
      "_timeout": 2000
    }
  ],
  "meta": {
    "mocha": {
      "version": "7.2.0"
    },
    "mochawesome": {
      "options": {
        "quiet": false,
        "reportFilename": "mochawesome",
        "saveHtml": false,
        "saveJson": true,
        "consoleReporter": "spec",
        "useInlineDiffs": false,
        "code": true
      },
      "version": "7.1.3"
    },
    "marge": {
      "options": {
        "reportDir": "cypress/results",
        "overwrite": false,
        "html": false,
        "json": true
      },
      "version": "6.2.0"
    }
  }
}