{
  "stats": {
    "suites": 1,
    "tests": 3,
    "passes": 2,
    "pending": 0,
    "failures": 1,
    "start": "2025-08-07T15:40:50.101Z",
    "end": "2025-08-07T15:41:00.353Z",
    "duration": 10252,
    "testsRegistered": 3,
    "passPercent": 66.66666666666666,
    "pendingPercent": 0,
    "other": 0,
    "hasOther": false,
    "skipped": 0,
    "hasSkipped": false
  },
  "results": [
    {
      "uuid": "7b1bdf47-f60b-41af-9e87-be5628439d2a",
      "title": "",
      "fullFile": "cypress\\e2e\\features\\login.feature",
      "file": "cypress\\e2e\\features\\login.feature",
      "beforeHooks": [],
      "afterHooks": [],
      "tests": [],
      "suites": [
        {
          "uuid": "7bedfb1e-2917-4a6b-bd2e-183b62a7bcc4",
          "title": "Login",
          "fullFile": "",
          "file": "",
          "beforeHooks": [],
          "afterHooks": [],
          "tests": [
            {
              "title": "Logar com e-mail invalido",
              "fullTitle": "Login Logar com e-mail invalido",
              "timedOut": null,
              "duration": 1109,
              "state": "passed",
              "speed": "fast",
              "pass": true,
              "fail": false,
              "pending": false,
              "context": null,
              "code": "const state = window.testState;\nreturn cy\n  .then(() => state.onStartScenario(scenario, indexedSteps))\n  .then(() =>\n    resolveAndRunBeforeHooks.call(this, scenario.tags, state.feature.name)\n  )\n  .then(() =>\n    indexedSteps.forEach((step) =>\n      stepTest.call(this, state, step, rowData)\n    )\n  )\n  .then(() => state.onFinishScenario(scenario));",
              "err": {},
              "uuid": "665eef66-0a53-4f7e-a1c2-186f3e768e5e",
              "parentUUID": "7bedfb1e-2917-4a6b-bd2e-183b62a7bcc4",
              "isHook": false,
              "skipped": false
            },
            {
              "title": "Logar com e-mail/senha nao cadastrados",
              "fullTitle": "Login Logar com e-mail/senha nao cadastrados",
              "timedOut": null,
              "duration": 1177,
              "state": "passed",
              "speed": "fast",
              "pass": true,
              "fail": false,
              "pending": false,
              "context": null,
              "code": "const state = window.testState;\nreturn cy\n  .then(() => state.onStartScenario(scenario, indexedSteps))\n  .then(() =>\n    resolveAndRunBeforeHooks.call(this, scenario.tags, state.feature.name)\n  )\n  .then(() =>\n    indexedSteps.forEach((step) =>\n      stepTest.call(this, state, step, rowData)\n    )\n  )\n  .then(() => state.onFinishScenario(scenario));",
              "err": {},
              "uuid": "42e912bd-acb8-40da-b3d8-53be874a9df1",
              "parentUUID": "7bedfb1e-2917-4a6b-bd2e-183b62a7bcc4",
              "isHook": false,
              "skipped": false
            },
            {
              "title": "Logar com e-mail valido",
              "fullTitle": "Login Logar com e-mail valido",
              "timedOut": null,
              "duration": 7902,
              "state": "failed",
              "speed": null,
              "pass": false,
              "fail": true,
              "pending": false,
              "context": null,
              "code": "const state = window.testState;\nreturn cy\n  .then(() => state.onStartScenario(scenario, indexedSteps))\n  .then(() =>\n    resolveAndRunBeforeHooks.call(this, scenario.tags, state.feature.name)\n  )\n  .then(() =>\n    indexedSteps.forEach((step) =>\n      stepTest.call(this, state, step, rowData)\n    )\n  )\n  .then(() => state.onFinishScenario(scenario));",
              "err": {
                "message": "AssertionError: Timed out retrying after 4000ms: expected '<p#textName.home__Text-sc-1auj767-9.dKHCWR>' to contain text 'Olá Rick,', but the text was 'Olá Usuário Remetente,'",
                "estack": "AssertionError: Timed out retrying after 4000ms: expected '<p#textName.home__Text-sc-1auj767-9.dKHCWR>' to contain text 'Olá Rick,', but the text was 'Olá Usuário Remetente,'\n    at Context.eval (cypress/e2e/step_definitions/loginSteps.js:55:22)\n    at Context.resolveAndRunStepDefinition (node_modules/cypress-cucumber-preprocessor/lib/resolveStepDefinition.js:193:0)\n    at Context.eval (node_modules/cypress-cucumber-preprocessor/lib/createTestFromScenario.js:27:0)\n    at getRet (http://localhost:3000/__cypress/runner/cypress_runner.js:120949:20)\n    at tryCatcher (http://localhost:3000/__cypress/runner/cypress_runner.js:1777:23)\n    at Promise.attempt.Promise.try (http://localhost:3000/__cypress/runner/cypress_runner.js:4285:29)\n    at Context.thenFn (http://localhost:3000/__cypress/runner/cypress_runner.js:120960:66)\n    at Context.then (http://localhost:3000/__cypress/runner/cypress_runner.js:121211:21)\n    at wrapped (http://localhost:3000/__cypress/runner/cypress_runner.js:141532:19)",
                "diff": "- 'Olá Usuário Remetente,'\n+ 'Olá Rick,'\n"
              },
              "uuid": "dfb1fc9f-e92f-4fe5-b561-d1ac9e98ff33",
              "parentUUID": "7bedfb1e-2917-4a6b-bd2e-183b62a7bcc4",
              "isHook": false,
              "skipped": false
            }
          ],
          "suites": [],
          "passes": [
            "665eef66-0a53-4f7e-a1c2-186f3e768e5e",
            "42e912bd-acb8-40da-b3d8-53be874a9df1"
          ],
          "failures": [
            "dfb1fc9f-e92f-4fe5-b561-d1ac9e98ff33"
          ],
          "pending": [],
          "skipped": [],
          "duration": 10188,
          "root": false,
          "rootEmpty": false,
          "_timeout": 2000
        }
      ],
      "passes": [],
      "failures": [],
      "pending": [],
      "skipped": [],
      "duration": 0,
      "root": true,
      "rootEmpty": true,
      "_timeout": 2000
    }
  ],
  "meta": {
    "mocha": {
      "version": "7.2.0"
    },
    "mochawesome": {
      "options": {
        "quiet": false,
        "reportFilename": "mochawesome",
        "saveHtml": false,
        "saveJson": true,
        "consoleReporter": "spec",
        "useInlineDiffs": false,
        "code": true
      },
      "version": "7.1.3"
    },
    "marge": {
      "options": {
        "reportDir": "cypress/results",
        "overwrite": false,
        "html": false,
        "json": true
      },
      "version": "6.2.0"
    }
  }
}